  GameState.cpp
C:\Users\ethan\OneDrive\Desktop\School Work\ENgines\External\Bullet\BulletSoftBody\btSoftBody.h(38,50): warning C4305: 'initializing': truncation from 'double' to 'btScalar'
  (compiling source file 'GameState.cpp')
  
C:\Users\ethan\OneDrive\Desktop\School Work\ENgines\External\Bullet\BulletSoftBody\btSoftBody.h(1232,17): warning C4244: 'initializing': conversion from 'double' to 'btScalar', possible loss of data
  (compiling source file 'GameState.cpp')
  
C:\Users\ethan\OneDrive\Desktop\School Work\ENgines\External\Bullet\BulletSoftBody\btSoftBody.h(1357,21): warning C4244: '+=': conversion from 'double' to 'btScalar', possible loss of data
  (compiling source file 'GameState.cpp')
  
C:\Users\ethan\OneDrive\Desktop\School Work\ENgines\External\Bullet\BulletSoftBody\btSoftBody.h(1361,21): warning C4244: 'initializing': conversion from 'double' to 'btScalar', possible loss of data
  (compiling source file 'GameState.cpp')
  
C:\Users\ethan\OneDrive\Desktop\School Work\ENgines\External\Bullet\BulletSoftBody\btSoftBody.h(1385,20): warning C4244: '=': conversion from 'double' to 'btScalar', possible loss of data
  (compiling source file 'GameState.cpp')
  
C:\Users\ethan\OneDrive\Desktop\School Work\ENgines\External\Bullet\BulletSoftBody\btSoftBody.h(1387,23): warning C4244: '=': conversion from 'double' to 'btScalar', possible loss of data
  (compiling source file 'GameState.cpp')
  
C:\Users\ethan\OneDrive\Desktop\School Work\ENgines\Engine\ENgines\Inc\CameraComponent.h(10,3): error C2059: syntax error: ')'
  (compiling source file 'GameState.cpp')
  
C:\Users\ethan\OneDrive\Desktop\School Work\ENgines\Engine\ENgines\Inc\CameraComponent.h(10,3): error C4430: missing type specifier - int assumed. Note: C++ does not support default-int
  (compiling source file 'GameState.cpp')
  
C:\Users\ethan\OneDrive\Desktop\School Work\ENgines\Engine\ENgines\Inc\CameraComponent.h(10,3): error C2760: syntax error: 'return' was unexpected here; expected '}'
  (compiling source file 'GameState.cpp')
  
C:\Users\ethan\OneDrive\Desktop\School Work\ENgines\Engine\ENgines\Inc\CameraComponent.h(10,3): error C2059: syntax error: 'return'
  (compiling source file 'GameState.cpp')
  
C:\Users\ethan\OneDrive\Desktop\School Work\ENgines\Engine\ENgines\Inc\CameraComponent.h(22,2): error C2059: syntax error: '<L_GRAMMAR_end_class>'
  (compiling source file 'GameState.cpp')
  
C:\Users\ethan\OneDrive\Desktop\School Work\ENgines\Engine\ENgines\Inc\CameraComponent.h(10,3): error C2653: 'ComponentId': is not a class or namespace name
  (compiling source file 'GameState.cpp')
  
C:\Users\ethan\OneDrive\Desktop\School Work\ENgines\Engine\ENgines\Inc\CameraComponent.h(10,3): error C2065: 'Camera': undeclared identifier
  (compiling source file 'GameState.cpp')
  
C:\Users\ethan\OneDrive\Desktop\School Work\ENgines\Engine\ENgines\Inc\CameraComponent.h(23,1): error C2059: syntax error: '}'
  (compiling source file 'GameState.cpp')
  
C:\Users\ethan\OneDrive\Desktop\School Work\ENgines\Engine\ENgines\Inc\CameraComponent.h(23,1): error C2143: syntax error: missing ';' before '}'
  (compiling source file 'GameState.cpp')
  
C:\Users\ethan\OneDrive\Desktop\School Work\ENgines\Engine\ENgines\Inc\FPSCameraComponent.h(6,1): error C2143: syntax error: missing ';' before '{'
  (compiling source file 'GameState.cpp')
  
C:\Users\ethan\OneDrive\Desktop\School Work\ENgines\Engine\ENgines\Inc\FPSCameraComponent.h(6,1): error C2447: '{': missing function header (old-style formal list?)
  (compiling source file 'GameState.cpp')
  
C:\Users\ethan\OneDrive\Desktop\School Work\ENgines\Engine\ENgines\Inc\RenderObjectComponent.h(7,39): error C2504: 'Component': base class undefined
  (compiling source file 'GameState.cpp')
  
C:\Users\ethan\OneDrive\Desktop\School Work\ENgines\Engine\ENgines\Inc\RenderObjectComponent.h(17,11): error C2653: 'Graphics': is not a class or namespace name
  (compiling source file 'GameState.cpp')
  
C:\Users\ethan\OneDrive\Desktop\School Work\ENgines\Engine\ENgines\Inc\RenderObjectComponent.h(17,29): error C3646: 'GetModelId': unknown override specifier
  (compiling source file 'GameState.cpp')
  
C:\Users\ethan\OneDrive\Desktop\School Work\ENgines\Engine\ENgines\Inc\RenderObjectComponent.h(17,40): error C2059: syntax error: ')'
  (compiling source file 'GameState.cpp')
  
C:\Users\ethan\OneDrive\Desktop\School Work\ENgines\Engine\ENgines\Inc\RenderObjectComponent.h(17,48): error C2334: unexpected token(s) preceding '{'; skipping apparent function body
  (compiling source file 'GameState.cpp')
  
C:\Users\ethan\OneDrive\Desktop\School Work\ENgines\Engine\ENgines\Inc\RenderObjectComponent.h(18,17): error C2653: 'Graphics': is not a class or namespace name
  (compiling source file 'GameState.cpp')
  
C:\Users\ethan\OneDrive\Desktop\School Work\ENgines\Engine\ENgines\Inc\RenderObjectComponent.h(18,3): error C4430: missing type specifier - int assumed. Note: C++ does not support default-int
  (compiling source file 'GameState.cpp')
  
C:\Users\ethan\OneDrive\Desktop\School Work\ENgines\Engine\ENgines\Inc\RenderObjectComponent.h(18,32): error C2143: syntax error: missing ';' before '&'
  (compiling source file 'GameState.cpp')
  
C:\Users\ethan\OneDrive\Desktop\School Work\ENgines\Engine\ENgines\Inc\RenderObjectComponent.h(18,27): error C2433: 'ENgines::ENgines::RenderObjectComponent::Model': 'virtual' not permitted on data declarations
  (compiling source file 'GameState.cpp')
  
C:\Users\ethan\OneDrive\Desktop\School Work\ENgines\Engine\ENgines\Inc\RenderObjectComponent.h(18,54): error C2238: unexpected token(s) preceding ';'
  (compiling source file 'GameState.cpp')
  
C:\Users\ethan\OneDrive\Desktop\School Work\ENgines\Engine\ENgines\Inc\RenderObjectComponent.h(10,8): error C3668: 'ENgines::ENgines::RenderObjectComponent::Initialize': method with override specifier 'override' did not override any base class methods
  (compiling source file 'GameState.cpp')
  
C:\Users\ethan\OneDrive\Desktop\School Work\ENgines\Engine\ENgines\Inc\RenderObjectComponent.h(11,8): error C3668: 'ENgines::ENgines::RenderObjectComponent::Terminate': method with override specifier 'override' did not override any base class methods
  (compiling source file 'GameState.cpp')
  
C:\Users\ethan\OneDrive\Desktop\School Work\ENgines\Engine\ENgines\Inc\RenderObjectComponent.h(13,8): error C3668: 'ENgines::ENgines::RenderObjectComponent::Deserialize': method with override specifier 'override' did not override any base class methods
  (compiling source file 'GameState.cpp')
  
C:\Users\ethan\OneDrive\Desktop\School Work\ENgines\Engine\ENgines\Inc\MeshComponent.h(10,3): error C2059: syntax error: ')'
  (compiling source file 'GameState.cpp')
  
C:\Users\ethan\OneDrive\Desktop\School Work\ENgines\Engine\ENgines\Inc\MeshComponent.h(10,3): error C4430: missing type specifier - int assumed. Note: C++ does not support default-int
  (compiling source file 'GameState.cpp')
  
C:\Users\ethan\OneDrive\Desktop\School Work\ENgines\Engine\ENgines\Inc\MeshComponent.h(13,9): error C2653: 'Graphics': is not a class or namespace name
  (compiling source file 'GameState.cpp')
  
C:\Users\ethan\OneDrive\Desktop\School Work\ENgines\Engine\ENgines\Inc\MeshComponent.h(13,19): error C2327: 'ENgines::ENgines::RenderObjectComponent::Model': is not a type name, static, or enumerator
  (compiling source file 'GameState.cpp')
      C:\Users\ethan\OneDrive\Desktop\School Work\ENgines\Engine\ENgines\Inc\MeshComponent.h(13,19):
      see declaration of 'ENgines::ENgines::RenderObjectComponent::Model'
  
C:\Users\ethan\OneDrive\Desktop\School Work\ENgines\Engine\ENgines\Inc\MeshComponent.h(13,3): error C4430: missing type specifier - int assumed. Note: C++ does not support default-int
  (compiling source file 'GameState.cpp')
  
C:\Users\ethan\OneDrive\Desktop\School Work\ENgines\Engine\ENgines\Inc\MeshComponent.h(13,24): error C2143: syntax error: missing ';' before '&'
  (compiling source file 'GameState.cpp')
  
C:\Users\ethan\OneDrive\Desktop\School Work\ENgines\Engine\ENgines\Inc\MeshComponent.h(13,42): error C2238: unexpected token(s) preceding ';'
  (compiling source file 'GameState.cpp')
  
C:\Users\ethan\OneDrive\Desktop\School Work\ENgines\Engine\ENgines\Inc\MeshComponent.h(16,3): error C2653: 'Graphics': is not a class or namespace name
  (compiling source file 'GameState.cpp')
  
C:\Users\ethan\OneDrive\Desktop\School Work\ENgines\Engine\ENgines\Inc\MeshComponent.h(16,13): error C2327: 'ENgines::ENgines::MeshComponent::Model': is not a type name, static, or enumerator
  (compiling source file 'GameState.cpp')
      C:\Users\ethan\OneDrive\Desktop\School Work\ENgines\Engine\ENgines\Inc\MeshComponent.h(16,13):
      see declaration of 'ENgines::ENgines::MeshComponent::Model'
  
C:\Users\ethan\OneDrive\Desktop\School Work\ENgines\Engine\ENgines\Inc\MeshComponent.h(16,19): error C3646: 'mModel': unknown override specifier
  (compiling source file 'GameState.cpp')
  
C:\Users\ethan\OneDrive\Desktop\School Work\ENgines\Engine\ENgines\Inc\MeshComponent.h(16,13): error C4430: missing type specifier - int assumed. Note: C++ does not support default-int
  (compiling source file 'GameState.cpp')
  
C:\Users\ethan\OneDrive\Desktop\School Work\ENgines\Engine\ENgines\Inc\MeshComponent.h(10,3): error C3668: 'ENgines::ENgines::MeshComponent::GetTypeId': method with override specifier 'override' did not override any base class methods
  (compiling source file 'GameState.cpp')
  
C:\Users\ethan\OneDrive\Desktop\School Work\ENgines\Engine\ENgines\Inc\MeshComponent.h(10,3): error C2653: 'ComponentId': is not a class or namespace name
  (compiling source file 'GameState.cpp')
  
C:\Users\ethan\OneDrive\Desktop\School Work\ENgines\Engine\ENgines\Inc\MeshComponent.h(10,3): error C2065: 'Mesh': undeclared identifier
  (compiling source file 'GameState.cpp')
  
C:\Users\ethan\OneDrive\Desktop\School Work\ENgines\Engine\ENgines\Inc\ModelComponent.h(10,3): error C2059: syntax error: ')'
  (compiling source file 'GameState.cpp')
  
C:\Users\ethan\OneDrive\Desktop\School Work\ENgines\Engine\ENgines\Inc\ModelComponent.h(10,3): error C4430: missing type specifier - int assumed. Note: C++ does not support default-int
  (compiling source file 'GameState.cpp')
  
C:\Users\ethan\OneDrive\Desktop\School Work\ENgines\Engine\ENgines\Inc\ModelComponent.h(17,3): error C2653: 'Graphics': is not a class or namespace name
  (compiling source file 'GameState.cpp')
  
C:\Users\ethan\OneDrive\Desktop\School Work\ENgines\Engine\ENgines\Inc\ModelComponent.h(17,21): error C3646: 'GetModelId': unknown override specifier
  (compiling source file 'GameState.cpp')
  
C:\Users\ethan\OneDrive\Desktop\School Work\ENgines\Engine\ENgines\Inc\ModelComponent.h(17,31): error C2059: syntax error: '('
  (compiling source file 'GameState.cpp')
  
C:\Users\ethan\OneDrive\Desktop\School Work\ENgines\Engine\ENgines\Inc\ModelComponent.h(17,48): error C2238: unexpected token(s) preceding ';'
  (compiling source file 'GameState.cpp')
  
C:\Users\ethan\OneDrive\Desktop\School Work\ENgines\Engine\ENgines\Inc\ModelComponent.h(18,9): error C2653: 'Graphics': is not a class or namespace name
  (compiling source file 'GameState.cpp')
  
C:\Users\ethan\OneDrive\Desktop\School Work\ENgines\Engine\ENgines\Inc\ModelComponent.h(18,19): error C2327: 'ENgines::ENgines::RenderObjectComponent::Model': is not a type name, static, or enumerator
  (compiling source file 'GameState.cpp')
      C:\Users\ethan\OneDrive\Desktop\School Work\ENgines\Engine\ENgines\Inc\ModelComponent.h(18,19):
      see declaration of 'ENgines::ENgines::RenderObjectComponent::Model'
  
C:\Users\ethan\OneDrive\Desktop\School Work\ENgines\Engine\ENgines\Inc\ModelComponent.h(18,3): error C4430: missing type specifier - int assumed. Note: C++ does not support default-int
  (compiling source file 'GameState.cpp')
  
C:\Users\ethan\OneDrive\Desktop\School Work\ENgines\Engine\ENgines\Inc\ModelComponent.h(18,24): error C2143: syntax error: missing ';' before '&'
  (compiling source file 'GameState.cpp')
  
C:\Users\ethan\OneDrive\Desktop\School Work\ENgines\Engine\ENgines\Inc\ModelComponent.h(18,51): error C2238: unexpected token(s) preceding ';'
  (compiling source file 'GameState.cpp')
  
C:\Users\ethan\OneDrive\Desktop\School Work\ENgines\Engine\ENgines\Inc\ModelComponent.h(22,3): error C2653: 'Graphics': is not a class or namespace name
  (compiling source file 'GameState.cpp')
  
C:\Users\ethan\OneDrive\Desktop\School Work\ENgines\Engine\ENgines\Inc\ModelComponent.h(22,21): error C3646: 'mModelId': unknown override specifier
  (compiling source file 'GameState.cpp')
  
C:\Users\ethan\OneDrive\Desktop\School Work\ENgines\Engine\ENgines\Inc\ModelComponent.h(22,13): error C4430: missing type specifier - int assumed. Note: C++ does not support default-int
  (compiling source file 'GameState.cpp')
  
C:\Users\ethan\OneDrive\Desktop\School Work\ENgines\Engine\ENgines\Inc\ModelComponent.h(10,3): error C3668: 'ENgines::ENgines::ModelComponent::GetTypeId': method with override specifier 'override' did not override any base class methods
  (compiling source file 'GameState.cpp')
  
C:\Users\ethan\OneDrive\Desktop\School Work\ENgines\Engine\ENgines\Inc\ModelComponent.h(10,3): error C2760: syntax error: 'return' was unexpected here; expected '}'
  (compiling source file 'GameState.cpp')
  
C:\Users\ethan\OneDrive\Desktop\School Work\ENgines\Engine\ENgines\Inc\ModelComponent.h(10,3): error C2059: syntax error: 'return'
  (compiling source file 'GameState.cpp')
  
C:\Users\ethan\OneDrive\Desktop\School Work\ENgines\Engine\ENgines\Inc\ModelComponent.h(26,2): error C2059: syntax error: '<L_GRAMMAR_end_class>'
  (compiling source file 'GameState.cpp')
  
C:\Users\ethan\OneDrive\Desktop\School Work\ENgines\Engine\ENgines\Inc\ModelComponent.h(10,3): error C2653: 'ComponentId': is not a class or namespace name
  (compiling source file 'GameState.cpp')
  
C:\Users\ethan\OneDrive\Desktop\School Work\ENgines\Engine\ENgines\Inc\ModelComponent.h(10,3): error C2440: 'static_cast': cannot convert from 'unknown' to 'uint32_t'
  (compiling source file 'GameState.cpp')
      C:\Users\ethan\OneDrive\Desktop\School Work\ENgines\Engine\ENgines\Inc\ModelComponent.h(10,3):
      ill-formed reference to a non-static member
  
C:\Users\ethan\OneDrive\Desktop\School Work\ENgines\Engine\ENgines\Inc\ModelComponent.h(27,1): error C2059: syntax error: '}'
  (compiling source file 'GameState.cpp')
  
C:\Users\ethan\OneDrive\Desktop\School Work\ENgines\Engine\ENgines\Inc\ModelComponent.h(27,1): error C2143: syntax error: missing ';' before '}'
  (compiling source file 'GameState.cpp')
  
C:\Users\ethan\OneDrive\Desktop\School Work\ENgines\Engine\ENgines\Inc\SoundBankComponent.h(6,1): error C2143: syntax error: missing ';' before '{'
  (compiling source file 'GameState.cpp')
  
C:\Users\ethan\OneDrive\Desktop\School Work\ENgines\Engine\ENgines\Inc\SoundBankComponent.h(6,1): error C2447: '{': missing function header (old-style formal list?)
  (compiling source file 'GameState.cpp')
  
C:\Users\ethan\OneDrive\Desktop\School Work\ENgines\Engine\ENgines\Inc\SoundEffectComponent.h(7,38): error C2504: 'Component': base class undefined
  (compiling source file 'GameState.cpp')
  
C:\Users\ethan\OneDrive\Desktop\School Work\ENgines\Engine\ENgines\Inc\SoundEffectComponent.h(10,3): error C2059: syntax error: ')'
  (compiling source file 'GameState.cpp')
  
C:\Users\ethan\OneDrive\Desktop\School Work\ENgines\Engine\ENgines\Inc\SoundEffectComponent.h(10,3): error C4430: missing type specifier - int assumed. Note: C++ does not support default-int
  (compiling source file 'GameState.cpp')
  
C:\Users\ethan\OneDrive\Desktop\School Work\ENgines\Engine\ENgines\Inc\SoundEffectComponent.h(24,3): error C2653: 'Audio': is not a class or namespace name
  (compiling source file 'GameState.cpp')
  
C:\Users\ethan\OneDrive\Desktop\School Work\ENgines\Engine\ENgines\Inc\SoundEffectComponent.h(24,18): error C3646: 'mSoundId': unknown override specifier
  (compiling source file 'GameState.cpp')
  
C:\Users\ethan\OneDrive\Desktop\School Work\ENgines\Engine\ENgines\Inc\SoundEffectComponent.h(24,10): error C4430: missing type specifier - int assumed. Note: C++ does not support default-int
  (compiling source file 'GameState.cpp')
  
C:\Users\ethan\OneDrive\Desktop\School Work\ENgines\Engine\ENgines\Inc\SoundEffectComponent.h(10,3): error C3668: 'ENgines::ENgines::ENgines::SoundEffectComponent::GetTypeId': method with override specifier 'override' did not override any base class methods
  (compiling source file 'GameState.cpp')
  
C:\Users\ethan\OneDrive\Desktop\School Work\ENgines\Engine\ENgines\Inc\SoundEffectComponent.h(12,8): error C3668: 'ENgines::ENgines::ENgines::SoundEffectComponent::Initialize': method with override specifier 'override' did not override any base class methods
  (compiling source file 'GameState.cpp')
  
C:\Users\ethan\OneDrive\Desktop\School Work\ENgines\Engine\ENgines\Inc\SoundEffectComponent.h(13,8): error C3668: 'ENgines::ENgines::ENgines::SoundEffectComponent::Terminate': method with override specifier 'override' did not override any base class methods
  (compiling source file 'GameState.cpp')
  
C:\Users\ethan\OneDrive\Desktop\School Work\ENgines\Engine\ENgines\Inc\SoundEffectComponent.h(15,8): error C3668: 'ENgines::ENgines::ENgines::SoundEffectComponent::Deserialize': method with override specifier 'override' did not override any base class methods
  (compiling source file 'GameState.cpp')
  
C:\Users\ethan\OneDrive\Desktop\School Work\ENgines\Engine\ENgines\Inc\SoundEffectComponent.h(16,8): error C3668: 'ENgines::ENgines::ENgines::SoundEffectComponent::DebugUI': method with override specifier 'override' did not override any base class methods
  (compiling source file 'GameState.cpp')
  
C:\Users\ethan\OneDrive\Desktop\School Work\ENgines\Engine\ENgines\Inc\SoundEffectComponent.h(10,3): error C2760: syntax error: 'return' was unexpected here; expected '}'
  (compiling source file 'GameState.cpp')
  
C:\Users\ethan\OneDrive\Desktop\School Work\ENgines\Engine\ENgines\Inc\SoundEffectComponent.h(10,3): error C2059: syntax error: 'return'
  (compiling source file 'GameState.cpp')
  
C:\Users\ethan\OneDrive\Desktop\School Work\ENgines\Engine\ENgines\Inc\SoundEffectComponent.h(23,8): error C2059: syntax error: 'member initializer'
  (compiling source file 'GameState.cpp')
  
C:\Users\ethan\OneDrive\Desktop\School Work\ENgines\Engine\ENgines\Inc\SoundEffectComponent.h(25,2): error C2059: syntax error: '<L_GRAMMAR_end_class>'
  (compiling source file 'GameState.cpp')
  
C:\Users\ethan\OneDrive\Desktop\School Work\ENgines\Engine\ENgines\Inc\SoundEffectComponent.h(10,3): error C2653: 'ComponentId': is not a class or namespace name
  (compiling source file 'GameState.cpp')
  
C:\Users\ethan\OneDrive\Desktop\School Work\ENgines\Engine\ENgines\Inc\SoundEffectComponent.h(10,3): error C2065: 'SoundEffect': undeclared identifier
  (compiling source file 'GameState.cpp')
  
C:\Users\ethan\OneDrive\Desktop\School Work\ENgines\Engine\ENgines\Inc\SoundEffectComponent.h(26,1): error C2059: syntax error: '}'
  (compiling source file 'GameState.cpp')
  
C:\Users\ethan\OneDrive\Desktop\School Work\ENgines\Engine\ENgines\Inc\SoundEffectComponent.h(26,1): error C2143: syntax error: missing ';' before '}'
  (compiling source file 'GameState.cpp')
  
C:\Users\ethan\OneDrive\Desktop\School Work\ENgines\Engine\ENgines\Inc\TransformComponent.h(6,1): error C2143: syntax error: missing ';' before '{'
  (compiling source file 'GameState.cpp')
  
C:\Users\ethan\OneDrive\Desktop\School Work\ENgines\Engine\ENgines\Inc\TransformComponent.h(6,1): error C2447: '{': missing function header (old-style formal list?)
  (compiling source file 'GameState.cpp')
  
C:\Users\ethan\OneDrive\Desktop\School Work\ENgines\Engine\ENgines\Inc\UIComponent.h(7,32): error C2504: 'Component': base class undefined
  (compiling source file 'GameState.cpp')
  
C:\Users\ethan\OneDrive\Desktop\School Work\ENgines\Engine\ENgines\Inc\UIButtonComponent.h(21,9): error C2059: syntax error: ')'
  (compiling source file 'GameState.cpp')
  
C:\Users\ethan\OneDrive\Desktop\School Work\ENgines\Engine\ENgines\Inc\UIButtonComponent.h(21,9): error C4430: missing type specifier - int assumed. Note: C++ does not support default-int
  (compiling source file 'GameState.cpp')
  
C:\Users\ethan\OneDrive\Desktop\School Work\ENgines\Engine\ENgines\Inc\UIButtonComponent.h(29,9): error C2653: 'Math': is not a class or namespace name
  (compiling source file 'GameState.cpp')
  
C:\Users\ethan\OneDrive\Desktop\School Work\ENgines\Engine\ENgines\Inc\UIButtonComponent.h(29,23): error C3646: 'GetPosition': unknown override specifier
  (compiling source file 'GameState.cpp')
  
C:\Users\ethan\OneDrive\Desktop\School Work\ENgines\Engine\ENgines\Inc\UIButtonComponent.h(29,34): error C2059: syntax error: '('
  (compiling source file 'GameState.cpp')
  
C:\Users\ethan\OneDrive\Desktop\School Work\ENgines\Engine\ENgines\Inc\UIButtonComponent.h(29,61): error C2238: unexpected token(s) preceding ';'
  (compiling source file 'GameState.cpp')
  
C:\Users\ethan\OneDrive\Desktop\School Work\ENgines\Engine\ENgines\Inc\UIButtonComponent.h(38,13): error C2653: 'Graphics': is not a class or namespace name
  (compiling source file 'GameState.cpp')
  
C:\Users\ethan\OneDrive\Desktop\School Work\ENgines\Engine\ENgines\Inc\UIButtonComponent.h(38,32): error C3646: 'sprite': unknown override specifier
  (compiling source file 'GameState.cpp')
  
C:\Users\ethan\OneDrive\Desktop\School Work\ENgines\Engine\ENgines\Inc\UIButtonComponent.h(38,23): error C4430: missing type specifier - int assumed. Note: C++ does not support default-int
  (compiling source file 'GameState.cpp')
  
C:\Users\ethan\OneDrive\Desktop\School Work\ENgines\Engine\ENgines\Inc\UIButtonComponent.h(21,9): error C3668: 'ENgines::ENgines::ENgines::ENgines::UIButtonComponent::GetTypeId': method with override specifier 'override' did not override any base class methods
  (compiling source file 'GameState.cpp')
  
C:\Users\ethan\OneDrive\Desktop\School Work\ENgines\Engine\ENgines\Inc\UIButtonComponent.h(23,14): error C3668: 'ENgines::ENgines::ENgines::ENgines::UIButtonComponent::Initialize': method with override specifier 'override' did not override any base class methods
  (compiling source file 'GameState.cpp')
  
C:\Users\ethan\OneDrive\Desktop\School Work\ENgines\Engine\ENgines\Inc\UIButtonComponent.h(24,14): error C3668: 'ENgines::ENgines::ENgines::ENgines::UIButtonComponent::Terminate': method with override specifier 'override' did not override any base class methods
  (compiling source file 'GameState.cpp')
  
C:\Users\ethan\OneDrive\Desktop\School Work\ENgines\Engine\ENgines\Inc\UIButtonComponent.h(25,14): error C3668: 'ENgines::ENgines::ENgines::ENgines::UIButtonComponent::Update': method with override specifier 'override' did not override any base class methods
  (compiling source file 'GameState.cpp')
  
C:\Users\ethan\OneDrive\Desktop\School Work\ENgines\Engine\ENgines\Inc\UIButtonComponent.h(27,14): error C3668: 'ENgines::ENgines::ENgines::ENgines::UIButtonComponent::Deserialize': method with override specifier 'override' did not override any base class methods
  (compiling source file 'GameState.cpp')
  
C:\Users\ethan\OneDrive\Desktop\School Work\ENgines\Engine\ENgines\Inc\UIButtonComponent.h(21,9): error C2760: syntax error: 'return' was unexpected here; expected '}'
  (compiling source file 'GameState.cpp')
  
C:\Users\ethan\OneDrive\Desktop\School Work\ENgines\Engine\ENgines\Inc\UIButtonComponent.h(21,9): error C2059: syntax error: 'return'
  (compiling source file 'GameState.cpp')
  
C:\Users\ethan\OneDrive\Desktop\School Work\ENgines\Engine\ENgines\Inc\UIButtonComponent.h(43,24): error C2059: syntax error: 'member initializer'
  (compiling source file 'GameState.cpp')
  
C:\Users\ethan\OneDrive\Desktop\School Work\ENgines\Engine\ENgines\Inc\UIButtonComponent.h(44,27): error C2059: syntax error: 'member initializer'
  (compiling source file 'GameState.cpp')
  
C:\Users\ethan\OneDrive\Desktop\School Work\ENgines\Engine\ENgines\Inc\UIButtonComponent.h(44,39): error C2143: syntax error: missing ';' before '{'
  (compiling source file 'GameState.cpp')
  
C:\Users\ethan\OneDrive\Desktop\School Work\ENgines\Engine\ENgines\Inc\UIButtonComponent.h(44,39): error C2447: '{': missing function header (old-style formal list?)
  (compiling source file 'GameState.cpp')
  
C:\Users\ethan\OneDrive\Desktop\School Work\ENgines\Engine\ENgines\Inc\UIButtonComponent.h(45,37): error C3861: 'ButtonState': identifier not found
  (compiling source file 'GameState.cpp')
  
C:\Users\ethan\OneDrive\Desktop\School Work\ENgines\Engine\ENgines\Inc\UIButtonComponent.h(45,21): error C2059: syntax error: 'member initializer'
  (compiling source file 'GameState.cpp')
  
C:\Users\ethan\OneDrive\Desktop\School Work\ENgines\Engine\ENgines\Inc\UIButtonComponent.h(45,37): error C2653: 'ButtonState': is not a class or namespace name
  (compiling source file 'GameState.cpp')
  
C:\Users\ethan\OneDrive\Desktop\School Work\ENgines\Engine\ENgines\Inc\UIButtonComponent.h(46,5): error C2059: syntax error: '<L_GRAMMAR_end_class>'
  (compiling source file 'GameState.cpp')
  
C:\Users\ethan\OneDrive\Desktop\School Work\ENgines\Engine\ENgines\Inc\UIButtonComponent.h(21,9): error C2653: 'ComponentId': is not a class or namespace name
  (compiling source file 'GameState.cpp')
  
C:\Users\ethan\OneDrive\Desktop\School Work\ENgines\Engine\ENgines\Inc\UIButtonComponent.h(21,9): error C2065: 'UIButton': undeclared identifier
  (compiling source file 'GameState.cpp')
  
C:\Users\ethan\OneDrive\Desktop\School Work\ENgines\Engine\ENgines\Inc\UIButtonComponent.h(21,9): error C1003: error count exceeds 100; stopping compilation
  (compiling source file 'GameState.cpp')
  
  WinMain.cpp
C:\Users\ethan\OneDrive\Desktop\School Work\ENgines\External\Bullet\BulletSoftBody\btSoftBody.h(38,50): warning C4305: 'initializing': truncation from 'double' to 'btScalar'
  (compiling source file 'WinMain.cpp')
  
C:\Users\ethan\OneDrive\Desktop\School Work\ENgines\External\Bullet\BulletSoftBody\btSoftBody.h(1232,17): warning C4244: 'initializing': conversion from 'double' to 'btScalar', possible loss of data
  (compiling source file 'WinMain.cpp')
  
C:\Users\ethan\OneDrive\Desktop\School Work\ENgines\External\Bullet\BulletSoftBody\btSoftBody.h(1357,21): warning C4244: '+=': conversion from 'double' to 'btScalar', possible loss of data
  (compiling source file 'WinMain.cpp')
  
C:\Users\ethan\OneDrive\Desktop\School Work\ENgines\External\Bullet\BulletSoftBody\btSoftBody.h(1361,21): warning C4244: 'initializing': conversion from 'double' to 'btScalar', possible loss of data
  (compiling source file 'WinMain.cpp')
  
C:\Users\ethan\OneDrive\Desktop\School Work\ENgines\External\Bullet\BulletSoftBody\btSoftBody.h(1385,20): warning C4244: '=': conversion from 'double' to 'btScalar', possible loss of data
  (compiling source file 'WinMain.cpp')
  
C:\Users\ethan\OneDrive\Desktop\School Work\ENgines\External\Bullet\BulletSoftBody\btSoftBody.h(1387,23): warning C4244: '=': conversion from 'double' to 'btScalar', possible loss of data
  (compiling source file 'WinMain.cpp')
  
C:\Users\ethan\OneDrive\Desktop\School Work\ENgines\Engine\ENgines\Inc\CameraComponent.h(10,3): error C2059: syntax error: ')'
  (compiling source file 'WinMain.cpp')
  
C:\Users\ethan\OneDrive\Desktop\School Work\ENgines\Engine\ENgines\Inc\CameraComponent.h(10,3): error C4430: missing type specifier - int assumed. Note: C++ does not support default-int
  (compiling source file 'WinMain.cpp')
  
C:\Users\ethan\OneDrive\Desktop\School Work\ENgines\Engine\ENgines\Inc\CameraComponent.h(10,3): error C2760: syntax error: 'return' was unexpected here; expected '}'
  (compiling source file 'WinMain.cpp')
  
C:\Users\ethan\OneDrive\Desktop\School Work\ENgines\Engine\ENgines\Inc\CameraComponent.h(10,3): error C2059: syntax error: 'return'
  (compiling source file 'WinMain.cpp')
  
C:\Users\ethan\OneDrive\Desktop\School Work\ENgines\Engine\ENgines\Inc\CameraComponent.h(22,2): error C2059: syntax error: '<L_GRAMMAR_end_class>'
  (compiling source file 'WinMain.cpp')
  
C:\Users\ethan\OneDrive\Desktop\School Work\ENgines\Engine\ENgines\Inc\CameraComponent.h(10,3): error C2653: 'ComponentId': is not a class or namespace name
  (compiling source file 'WinMain.cpp')
  
C:\Users\ethan\OneDrive\Desktop\School Work\ENgines\Engine\ENgines\Inc\CameraComponent.h(10,3): error C2065: 'Camera': undeclared identifier
  (compiling source file 'WinMain.cpp')
  
C:\Users\ethan\OneDrive\Desktop\School Work\ENgines\Engine\ENgines\Inc\CameraComponent.h(23,1): error C2059: syntax error: '}'
  (compiling source file 'WinMain.cpp')
  
C:\Users\ethan\OneDrive\Desktop\School Work\ENgines\Engine\ENgines\Inc\CameraComponent.h(23,1): error C2143: syntax error: missing ';' before '}'
  (compiling source file 'WinMain.cpp')
  
C:\Users\ethan\OneDrive\Desktop\School Work\ENgines\Engine\ENgines\Inc\FPSCameraComponent.h(6,1): error C2143: syntax error: missing ';' before '{'
  (compiling source file 'WinMain.cpp')
  
C:\Users\ethan\OneDrive\Desktop\School Work\ENgines\Engine\ENgines\Inc\FPSCameraComponent.h(6,1): error C2447: '{': missing function header (old-style formal list?)
  (compiling source file 'WinMain.cpp')
  
C:\Users\ethan\OneDrive\Desktop\School Work\ENgines\Engine\ENgines\Inc\RenderObjectComponent.h(7,39): error C2504: 'Component': base class undefined
  (compiling source file 'WinMain.cpp')
  
C:\Users\ethan\OneDrive\Desktop\School Work\ENgines\Engine\ENgines\Inc\RenderObjectComponent.h(17,11): error C2653: 'Graphics': is not a class or namespace name
  (compiling source file 'WinMain.cpp')
  
C:\Users\ethan\OneDrive\Desktop\School Work\ENgines\Engine\ENgines\Inc\RenderObjectComponent.h(17,29): error C3646: 'GetModelId': unknown override specifier
  (compiling source file 'WinMain.cpp')
  
C:\Users\ethan\OneDrive\Desktop\School Work\ENgines\Engine\ENgines\Inc\RenderObjectComponent.h(17,40): error C2059: syntax error: ')'
  (compiling source file 'WinMain.cpp')
  
C:\Users\ethan\OneDrive\Desktop\School Work\ENgines\Engine\ENgines\Inc\RenderObjectComponent.h(17,48): error C2334: unexpected token(s) preceding '{'; skipping apparent function body
  (compiling source file 'WinMain.cpp')
  
C:\Users\ethan\OneDrive\Desktop\School Work\ENgines\Engine\ENgines\Inc\RenderObjectComponent.h(18,17): error C2653: 'Graphics': is not a class or namespace name
  (compiling source file 'WinMain.cpp')
  
C:\Users\ethan\OneDrive\Desktop\School Work\ENgines\Engine\ENgines\Inc\RenderObjectComponent.h(18,3): error C4430: missing type specifier - int assumed. Note: C++ does not support default-int
  (compiling source file 'WinMain.cpp')
  
C:\Users\ethan\OneDrive\Desktop\School Work\ENgines\Engine\ENgines\Inc\RenderObjectComponent.h(18,32): error C2143: syntax error: missing ';' before '&'
  (compiling source file 'WinMain.cpp')
  
C:\Users\ethan\OneDrive\Desktop\School Work\ENgines\Engine\ENgines\Inc\RenderObjectComponent.h(18,27): error C2433: 'ENgines::ENgines::RenderObjectComponent::Model': 'virtual' not permitted on data declarations
  (compiling source file 'WinMain.cpp')
  
C:\Users\ethan\OneDrive\Desktop\School Work\ENgines\Engine\ENgines\Inc\RenderObjectComponent.h(18,54): error C2238: unexpected token(s) preceding ';'
  (compiling source file 'WinMain.cpp')
  
C:\Users\ethan\OneDrive\Desktop\School Work\ENgines\Engine\ENgines\Inc\RenderObjectComponent.h(10,8): error C3668: 'ENgines::ENgines::RenderObjectComponent::Initialize': method with override specifier 'override' did not override any base class methods
  (compiling source file 'WinMain.cpp')
  
C:\Users\ethan\OneDrive\Desktop\School Work\ENgines\Engine\ENgines\Inc\RenderObjectComponent.h(11,8): error C3668: 'ENgines::ENgines::RenderObjectComponent::Terminate': method with override specifier 'override' did not override any base class methods
  (compiling source file 'WinMain.cpp')
  
C:\Users\ethan\OneDrive\Desktop\School Work\ENgines\Engine\ENgines\Inc\RenderObjectComponent.h(13,8): error C3668: 'ENgines::ENgines::RenderObjectComponent::Deserialize': method with override specifier 'override' did not override any base class methods
  (compiling source file 'WinMain.cpp')
  
C:\Users\ethan\OneDrive\Desktop\School Work\ENgines\Engine\ENgines\Inc\MeshComponent.h(10,3): error C2059: syntax error: ')'
  (compiling source file 'WinMain.cpp')
  
C:\Users\ethan\OneDrive\Desktop\School Work\ENgines\Engine\ENgines\Inc\MeshComponent.h(10,3): error C4430: missing type specifier - int assumed. Note: C++ does not support default-int
  (compiling source file 'WinMain.cpp')
  
C:\Users\ethan\OneDrive\Desktop\School Work\ENgines\Engine\ENgines\Inc\MeshComponent.h(13,9): error C2653: 'Graphics': is not a class or namespace name
  (compiling source file 'WinMain.cpp')
  
C:\Users\ethan\OneDrive\Desktop\School Work\ENgines\Engine\ENgines\Inc\MeshComponent.h(13,19): error C2327: 'ENgines::ENgines::RenderObjectComponent::Model': is not a type name, static, or enumerator
  (compiling source file 'WinMain.cpp')
      C:\Users\ethan\OneDrive\Desktop\School Work\ENgines\Engine\ENgines\Inc\MeshComponent.h(13,19):
      see declaration of 'ENgines::ENgines::RenderObjectComponent::Model'
  
C:\Users\ethan\OneDrive\Desktop\School Work\ENgines\Engine\ENgines\Inc\MeshComponent.h(13,3): error C4430: missing type specifier - int assumed. Note: C++ does not support default-int
  (compiling source file 'WinMain.cpp')
  
C:\Users\ethan\OneDrive\Desktop\School Work\ENgines\Engine\ENgines\Inc\MeshComponent.h(13,24): error C2143: syntax error: missing ';' before '&'
  (compiling source file 'WinMain.cpp')
  
C:\Users\ethan\OneDrive\Desktop\School Work\ENgines\Engine\ENgines\Inc\MeshComponent.h(13,42): error C2238: unexpected token(s) preceding ';'
  (compiling source file 'WinMain.cpp')
  
C:\Users\ethan\OneDrive\Desktop\School Work\ENgines\Engine\ENgines\Inc\MeshComponent.h(16,3): error C2653: 'Graphics': is not a class or namespace name
  (compiling source file 'WinMain.cpp')
  
C:\Users\ethan\OneDrive\Desktop\School Work\ENgines\Engine\ENgines\Inc\MeshComponent.h(16,13): error C2327: 'ENgines::ENgines::MeshComponent::Model': is not a type name, static, or enumerator
  (compiling source file 'WinMain.cpp')
      C:\Users\ethan\OneDrive\Desktop\School Work\ENgines\Engine\ENgines\Inc\MeshComponent.h(16,13):
      see declaration of 'ENgines::ENgines::MeshComponent::Model'
  
C:\Users\ethan\OneDrive\Desktop\School Work\ENgines\Engine\ENgines\Inc\MeshComponent.h(16,19): error C3646: 'mModel': unknown override specifier
  (compiling source file 'WinMain.cpp')
  
C:\Users\ethan\OneDrive\Desktop\School Work\ENgines\Engine\ENgines\Inc\MeshComponent.h(16,13): error C4430: missing type specifier - int assumed. Note: C++ does not support default-int
  (compiling source file 'WinMain.cpp')
  
C:\Users\ethan\OneDrive\Desktop\School Work\ENgines\Engine\ENgines\Inc\MeshComponent.h(10,3): error C3668: 'ENgines::ENgines::MeshComponent::GetTypeId': method with override specifier 'override' did not override any base class methods
  (compiling source file 'WinMain.cpp')
  
C:\Users\ethan\OneDrive\Desktop\School Work\ENgines\Engine\ENgines\Inc\MeshComponent.h(10,3): error C2653: 'ComponentId': is not a class or namespace name
  (compiling source file 'WinMain.cpp')
  
C:\Users\ethan\OneDrive\Desktop\School Work\ENgines\Engine\ENgines\Inc\MeshComponent.h(10,3): error C2065: 'Mesh': undeclared identifier
  (compiling source file 'WinMain.cpp')
  
C:\Users\ethan\OneDrive\Desktop\School Work\ENgines\Engine\ENgines\Inc\ModelComponent.h(10,3): error C2059: syntax error: ')'
  (compiling source file 'WinMain.cpp')
  
C:\Users\ethan\OneDrive\Desktop\School Work\ENgines\Engine\ENgines\Inc\ModelComponent.h(10,3): error C4430: missing type specifier - int assumed. Note: C++ does not support default-int
  (compiling source file 'WinMain.cpp')
  
C:\Users\ethan\OneDrive\Desktop\School Work\ENgines\Engine\ENgines\Inc\ModelComponent.h(17,3): error C2653: 'Graphics': is not a class or namespace name
  (compiling source file 'WinMain.cpp')
  
C:\Users\ethan\OneDrive\Desktop\School Work\ENgines\Engine\ENgines\Inc\ModelComponent.h(17,21): error C3646: 'GetModelId': unknown override specifier
  (compiling source file 'WinMain.cpp')
  
C:\Users\ethan\OneDrive\Desktop\School Work\ENgines\Engine\ENgines\Inc\ModelComponent.h(17,31): error C2059: syntax error: '('
  (compiling source file 'WinMain.cpp')
  
C:\Users\ethan\OneDrive\Desktop\School Work\ENgines\Engine\ENgines\Inc\ModelComponent.h(17,48): error C2238: unexpected token(s) preceding ';'
  (compiling source file 'WinMain.cpp')
  
C:\Users\ethan\OneDrive\Desktop\School Work\ENgines\Engine\ENgines\Inc\ModelComponent.h(18,9): error C2653: 'Graphics': is not a class or namespace name
  (compiling source file 'WinMain.cpp')
  
C:\Users\ethan\OneDrive\Desktop\School Work\ENgines\Engine\ENgines\Inc\ModelComponent.h(18,19): error C2327: 'ENgines::ENgines::RenderObjectComponent::Model': is not a type name, static, or enumerator
  (compiling source file 'WinMain.cpp')
      C:\Users\ethan\OneDrive\Desktop\School Work\ENgines\Engine\ENgines\Inc\ModelComponent.h(18,19):
      see declaration of 'ENgines::ENgines::RenderObjectComponent::Model'
  
C:\Users\ethan\OneDrive\Desktop\School Work\ENgines\Engine\ENgines\Inc\ModelComponent.h(18,3): error C4430: missing type specifier - int assumed. Note: C++ does not support default-int
  (compiling source file 'WinMain.cpp')
  
C:\Users\ethan\OneDrive\Desktop\School Work\ENgines\Engine\ENgines\Inc\ModelComponent.h(18,24): error C2143: syntax error: missing ';' before '&'
  (compiling source file 'WinMain.cpp')
  
C:\Users\ethan\OneDrive\Desktop\School Work\ENgines\Engine\ENgines\Inc\ModelComponent.h(18,51): error C2238: unexpected token(s) preceding ';'
  (compiling source file 'WinMain.cpp')
  
C:\Users\ethan\OneDrive\Desktop\School Work\ENgines\Engine\ENgines\Inc\ModelComponent.h(22,3): error C2653: 'Graphics': is not a class or namespace name
  (compiling source file 'WinMain.cpp')
  
C:\Users\ethan\OneDrive\Desktop\School Work\ENgines\Engine\ENgines\Inc\ModelComponent.h(22,21): error C3646: 'mModelId': unknown override specifier
  (compiling source file 'WinMain.cpp')
  
C:\Users\ethan\OneDrive\Desktop\School Work\ENgines\Engine\ENgines\Inc\ModelComponent.h(22,13): error C4430: missing type specifier - int assumed. Note: C++ does not support default-int
  (compiling source file 'WinMain.cpp')
  
C:\Users\ethan\OneDrive\Desktop\School Work\ENgines\Engine\ENgines\Inc\ModelComponent.h(10,3): error C3668: 'ENgines::ENgines::ModelComponent::GetTypeId': method with override specifier 'override' did not override any base class methods
  (compiling source file 'WinMain.cpp')
  
C:\Users\ethan\OneDrive\Desktop\School Work\ENgines\Engine\ENgines\Inc\ModelComponent.h(10,3): error C2760: syntax error: 'return' was unexpected here; expected '}'
  (compiling source file 'WinMain.cpp')
  
C:\Users\ethan\OneDrive\Desktop\School Work\ENgines\Engine\ENgines\Inc\ModelComponent.h(10,3): error C2059: syntax error: 'return'
  (compiling source file 'WinMain.cpp')
  
C:\Users\ethan\OneDrive\Desktop\School Work\ENgines\Engine\ENgines\Inc\ModelComponent.h(26,2): error C2059: syntax error: '<L_GRAMMAR_end_class>'
  (compiling source file 'WinMain.cpp')
  
C:\Users\ethan\OneDrive\Desktop\School Work\ENgines\Engine\ENgines\Inc\ModelComponent.h(10,3): error C2653: 'ComponentId': is not a class or namespace name
  (compiling source file 'WinMain.cpp')
  
C:\Users\ethan\OneDrive\Desktop\School Work\ENgines\Engine\ENgines\Inc\ModelComponent.h(10,3): error C2440: 'static_cast': cannot convert from 'unknown' to 'uint32_t'
  (compiling source file 'WinMain.cpp')
      C:\Users\ethan\OneDrive\Desktop\School Work\ENgines\Engine\ENgines\Inc\ModelComponent.h(10,3):
      ill-formed reference to a non-static member
  
C:\Users\ethan\OneDrive\Desktop\School Work\ENgines\Engine\ENgines\Inc\ModelComponent.h(27,1): error C2059: syntax error: '}'
  (compiling source file 'WinMain.cpp')
  
C:\Users\ethan\OneDrive\Desktop\School Work\ENgines\Engine\ENgines\Inc\ModelComponent.h(27,1): error C2143: syntax error: missing ';' before '}'
  (compiling source file 'WinMain.cpp')
  
C:\Users\ethan\OneDrive\Desktop\School Work\ENgines\Engine\ENgines\Inc\SoundBankComponent.h(6,1): error C2143: syntax error: missing ';' before '{'
  (compiling source file 'WinMain.cpp')
  
C:\Users\ethan\OneDrive\Desktop\School Work\ENgines\Engine\ENgines\Inc\SoundBankComponent.h(6,1): error C2447: '{': missing function header (old-style formal list?)
  (compiling source file 'WinMain.cpp')
  
C:\Users\ethan\OneDrive\Desktop\School Work\ENgines\Engine\ENgines\Inc\SoundEffectComponent.h(7,38): error C2504: 'Component': base class undefined
  (compiling source file 'WinMain.cpp')
  
C:\Users\ethan\OneDrive\Desktop\School Work\ENgines\Engine\ENgines\Inc\SoundEffectComponent.h(10,3): error C2059: syntax error: ')'
  (compiling source file 'WinMain.cpp')
  
C:\Users\ethan\OneDrive\Desktop\School Work\ENgines\Engine\ENgines\Inc\SoundEffectComponent.h(10,3): error C4430: missing type specifier - int assumed. Note: C++ does not support default-int
  (compiling source file 'WinMain.cpp')
  
C:\Users\ethan\OneDrive\Desktop\School Work\ENgines\Engine\ENgines\Inc\SoundEffectComponent.h(24,3): error C2653: 'Audio': is not a class or namespace name
  (compiling source file 'WinMain.cpp')
  
C:\Users\ethan\OneDrive\Desktop\School Work\ENgines\Engine\ENgines\Inc\SoundEffectComponent.h(24,18): error C3646: 'mSoundId': unknown override specifier
  (compiling source file 'WinMain.cpp')
  
C:\Users\ethan\OneDrive\Desktop\School Work\ENgines\Engine\ENgines\Inc\SoundEffectComponent.h(24,10): error C4430: missing type specifier - int assumed. Note: C++ does not support default-int
  (compiling source file 'WinMain.cpp')
  
C:\Users\ethan\OneDrive\Desktop\School Work\ENgines\Engine\ENgines\Inc\SoundEffectComponent.h(10,3): error C3668: 'ENgines::ENgines::ENgines::SoundEffectComponent::GetTypeId': method with override specifier 'override' did not override any base class methods
  (compiling source file 'WinMain.cpp')
  
C:\Users\ethan\OneDrive\Desktop\School Work\ENgines\Engine\ENgines\Inc\SoundEffectComponent.h(12,8): error C3668: 'ENgines::ENgines::ENgines::SoundEffectComponent::Initialize': method with override specifier 'override' did not override any base class methods
  (compiling source file 'WinMain.cpp')
  
C:\Users\ethan\OneDrive\Desktop\School Work\ENgines\Engine\ENgines\Inc\SoundEffectComponent.h(13,8): error C3668: 'ENgines::ENgines::ENgines::SoundEffectComponent::Terminate': method with override specifier 'override' did not override any base class methods
  (compiling source file 'WinMain.cpp')
  
C:\Users\ethan\OneDrive\Desktop\School Work\ENgines\Engine\ENgines\Inc\SoundEffectComponent.h(15,8): error C3668: 'ENgines::ENgines::ENgines::SoundEffectComponent::Deserialize': method with override specifier 'override' did not override any base class methods
  (compiling source file 'WinMain.cpp')
  
C:\Users\ethan\OneDrive\Desktop\School Work\ENgines\Engine\ENgines\Inc\SoundEffectComponent.h(16,8): error C3668: 'ENgines::ENgines::ENgines::SoundEffectComponent::DebugUI': method with override specifier 'override' did not override any base class methods
  (compiling source file 'WinMain.cpp')
  
C:\Users\ethan\OneDrive\Desktop\School Work\ENgines\Engine\ENgines\Inc\SoundEffectComponent.h(10,3): error C2760: syntax error: 'return' was unexpected here; expected '}'
  (compiling source file 'WinMain.cpp')
  
C:\Users\ethan\OneDrive\Desktop\School Work\ENgines\Engine\ENgines\Inc\SoundEffectComponent.h(10,3): error C2059: syntax error: 'return'
  (compiling source file 'WinMain.cpp')
  
C:\Users\ethan\OneDrive\Desktop\School Work\ENgines\Engine\ENgines\Inc\SoundEffectComponent.h(23,8): error C2059: syntax error: 'member initializer'
  (compiling source file 'WinMain.cpp')
  
C:\Users\ethan\OneDrive\Desktop\School Work\ENgines\Engine\ENgines\Inc\SoundEffectComponent.h(25,2): error C2059: syntax error: '<L_GRAMMAR_end_class>'
  (compiling source file 'WinMain.cpp')
  
C:\Users\ethan\OneDrive\Desktop\School Work\ENgines\Engine\ENgines\Inc\SoundEffectComponent.h(10,3): error C2653: 'ComponentId': is not a class or namespace name
  (compiling source file 'WinMain.cpp')
  
C:\Users\ethan\OneDrive\Desktop\School Work\ENgines\Engine\ENgines\Inc\SoundEffectComponent.h(10,3): error C2065: 'SoundEffect': undeclared identifier
  (compiling source file 'WinMain.cpp')
  
C:\Users\ethan\OneDrive\Desktop\School Work\ENgines\Engine\ENgines\Inc\SoundEffectComponent.h(26,1): error C2059: syntax error: '}'
  (compiling source file 'WinMain.cpp')
  
C:\Users\ethan\OneDrive\Desktop\School Work\ENgines\Engine\ENgines\Inc\SoundEffectComponent.h(26,1): error C2143: syntax error: missing ';' before '}'
  (compiling source file 'WinMain.cpp')
  
C:\Users\ethan\OneDrive\Desktop\School Work\ENgines\Engine\ENgines\Inc\TransformComponent.h(6,1): error C2143: syntax error: missing ';' before '{'
  (compiling source file 'WinMain.cpp')
  
C:\Users\ethan\OneDrive\Desktop\School Work\ENgines\Engine\ENgines\Inc\TransformComponent.h(6,1): error C2447: '{': missing function header (old-style formal list?)
  (compiling source file 'WinMain.cpp')
  
C:\Users\ethan\OneDrive\Desktop\School Work\ENgines\Engine\ENgines\Inc\UIComponent.h(7,32): error C2504: 'Component': base class undefined
  (compiling source file 'WinMain.cpp')
  
C:\Users\ethan\OneDrive\Desktop\School Work\ENgines\Engine\ENgines\Inc\UIButtonComponent.h(21,9): error C2059: syntax error: ')'
  (compiling source file 'WinMain.cpp')
  
C:\Users\ethan\OneDrive\Desktop\School Work\ENgines\Engine\ENgines\Inc\UIButtonComponent.h(21,9): error C4430: missing type specifier - int assumed. Note: C++ does not support default-int
  (compiling source file 'WinMain.cpp')
  
C:\Users\ethan\OneDrive\Desktop\School Work\ENgines\Engine\ENgines\Inc\UIButtonComponent.h(29,9): error C2653: 'Math': is not a class or namespace name
  (compiling source file 'WinMain.cpp')
  
C:\Users\ethan\OneDrive\Desktop\School Work\ENgines\Engine\ENgines\Inc\UIButtonComponent.h(29,23): error C3646: 'GetPosition': unknown override specifier
  (compiling source file 'WinMain.cpp')
  
C:\Users\ethan\OneDrive\Desktop\School Work\ENgines\Engine\ENgines\Inc\UIButtonComponent.h(29,34): error C2059: syntax error: '('
  (compiling source file 'WinMain.cpp')
  
C:\Users\ethan\OneDrive\Desktop\School Work\ENgines\Engine\ENgines\Inc\UIButtonComponent.h(29,61): error C2238: unexpected token(s) preceding ';'
  (compiling source file 'WinMain.cpp')
  
C:\Users\ethan\OneDrive\Desktop\School Work\ENgines\Engine\ENgines\Inc\UIButtonComponent.h(38,13): error C2653: 'Graphics': is not a class or namespace name
  (compiling source file 'WinMain.cpp')
  
C:\Users\ethan\OneDrive\Desktop\School Work\ENgines\Engine\ENgines\Inc\UIButtonComponent.h(38,32): error C3646: 'sprite': unknown override specifier
  (compiling source file 'WinMain.cpp')
  
C:\Users\ethan\OneDrive\Desktop\School Work\ENgines\Engine\ENgines\Inc\UIButtonComponent.h(38,23): error C4430: missing type specifier - int assumed. Note: C++ does not support default-int
  (compiling source file 'WinMain.cpp')
  
C:\Users\ethan\OneDrive\Desktop\School Work\ENgines\Engine\ENgines\Inc\UIButtonComponent.h(21,9): error C3668: 'ENgines::ENgines::ENgines::ENgines::UIButtonComponent::GetTypeId': method with override specifier 'override' did not override any base class methods
  (compiling source file 'WinMain.cpp')
  
C:\Users\ethan\OneDrive\Desktop\School Work\ENgines\Engine\ENgines\Inc\UIButtonComponent.h(23,14): error C3668: 'ENgines::ENgines::ENgines::ENgines::UIButtonComponent::Initialize': method with override specifier 'override' did not override any base class methods
  (compiling source file 'WinMain.cpp')
  
C:\Users\ethan\OneDrive\Desktop\School Work\ENgines\Engine\ENgines\Inc\UIButtonComponent.h(24,14): error C3668: 'ENgines::ENgines::ENgines::ENgines::UIButtonComponent::Terminate': method with override specifier 'override' did not override any base class methods
  (compiling source file 'WinMain.cpp')
  
C:\Users\ethan\OneDrive\Desktop\School Work\ENgines\Engine\ENgines\Inc\UIButtonComponent.h(25,14): error C3668: 'ENgines::ENgines::ENgines::ENgines::UIButtonComponent::Update': method with override specifier 'override' did not override any base class methods
  (compiling source file 'WinMain.cpp')
  
C:\Users\ethan\OneDrive\Desktop\School Work\ENgines\Engine\ENgines\Inc\UIButtonComponent.h(27,14): error C3668: 'ENgines::ENgines::ENgines::ENgines::UIButtonComponent::Deserialize': method with override specifier 'override' did not override any base class methods
  (compiling source file 'WinMain.cpp')
  
C:\Users\ethan\OneDrive\Desktop\School Work\ENgines\Engine\ENgines\Inc\UIButtonComponent.h(21,9): error C2760: syntax error: 'return' was unexpected here; expected '}'
  (compiling source file 'WinMain.cpp')
  
C:\Users\ethan\OneDrive\Desktop\School Work\ENgines\Engine\ENgines\Inc\UIButtonComponent.h(21,9): error C2059: syntax error: 'return'
  (compiling source file 'WinMain.cpp')
  
C:\Users\ethan\OneDrive\Desktop\School Work\ENgines\Engine\ENgines\Inc\UIButtonComponent.h(43,24): error C2059: syntax error: 'member initializer'
  (compiling source file 'WinMain.cpp')
  
C:\Users\ethan\OneDrive\Desktop\School Work\ENgines\Engine\ENgines\Inc\UIButtonComponent.h(44,27): error C2059: syntax error: 'member initializer'
  (compiling source file 'WinMain.cpp')
  
C:\Users\ethan\OneDrive\Desktop\School Work\ENgines\Engine\ENgines\Inc\UIButtonComponent.h(44,39): error C2143: syntax error: missing ';' before '{'
  (compiling source file 'WinMain.cpp')
  
C:\Users\ethan\OneDrive\Desktop\School Work\ENgines\Engine\ENgines\Inc\UIButtonComponent.h(44,39): error C2447: '{': missing function header (old-style formal list?)
  (compiling source file 'WinMain.cpp')
  
C:\Users\ethan\OneDrive\Desktop\School Work\ENgines\Engine\ENgines\Inc\UIButtonComponent.h(45,37): error C3861: 'ButtonState': identifier not found
  (compiling source file 'WinMain.cpp')
  
C:\Users\ethan\OneDrive\Desktop\School Work\ENgines\Engine\ENgines\Inc\UIButtonComponent.h(45,21): error C2059: syntax error: 'member initializer'
  (compiling source file 'WinMain.cpp')
  
C:\Users\ethan\OneDrive\Desktop\School Work\ENgines\Engine\ENgines\Inc\UIButtonComponent.h(45,37): error C2653: 'ButtonState': is not a class or namespace name
  (compiling source file 'WinMain.cpp')
  
C:\Users\ethan\OneDrive\Desktop\School Work\ENgines\Engine\ENgines\Inc\UIButtonComponent.h(46,5): error C2059: syntax error: '<L_GRAMMAR_end_class>'
  (compiling source file 'WinMain.cpp')
  
C:\Users\ethan\OneDrive\Desktop\School Work\ENgines\Engine\ENgines\Inc\UIButtonComponent.h(21,9): error C2653: 'ComponentId': is not a class or namespace name
  (compiling source file 'WinMain.cpp')
  
C:\Users\ethan\OneDrive\Desktop\School Work\ENgines\Engine\ENgines\Inc\UIButtonComponent.h(21,9): error C2065: 'UIButton': undeclared identifier
  (compiling source file 'WinMain.cpp')
  
C:\Users\ethan\OneDrive\Desktop\School Work\ENgines\Engine\ENgines\Inc\UIButtonComponent.h(21,9): error C1003: error count exceeds 100; stopping compilation
  (compiling source file 'WinMain.cpp')
  
  Generating Code...
